<?xml version="1.0" encoding="UTF-8"?>
<!-- Generated by org.testng.reporters.JUnitReportReporter -->
<testsuite hostname="JunWoos-MacBook-Pro.local" failures="0" tests="53" name="Amazon.test.AgentProductTest" time="310.173" errors="0" timestamp="2023-11-08T20:54:24 MYT" skipped="7">
  <testcase classname="Amazon.test.AgentProductTest" name="SectionSetUpParallel" time="0.002">
    <skipped/>
  </testcase> <!-- SectionSetUpParallel -->
  <system-out/>
  <testcase classname="Amazon.test.AgentProductTest" name="ProductSettingGroupUpdate_Parallel" time="0.000">
    <skipped/>
  </testcase> <!-- ProductSettingGroupUpdate_Parallel -->
  <system-out/>
  <testcase classname="Amazon.test.AgentProductTest" name="ProceedToReseller" time="0.000">
    <skipped/>
  </testcase> <!-- ProceedToReseller -->
  <system-out/>
  <testcase classname="Amazon.test.AgentProductTest" name="ProductSettingGroupUpdate_Reseller" time="0.001">
    <skipped/>
  </testcase> <!-- ProductSettingGroupUpdate_Reseller -->
  <system-out/>
  <testcase classname="Amazon.test.AgentProductTest" name="ProceedToOperator" time="24.149"/>
  <system-out/>
  <testcase classname="Amazon.test.AgentProductTest" name="ProductSettingSingleUpdate_Operator" time="9.963"/>
  <system-out/>
  <testcase classname="Amazon.test.AgentProductTest" name="ProductSettingSingleUpdate_Operator" time="7.658"/>
  <system-out/>
  <testcase classname="Amazon.test.AgentProductTest" name="ProductSettingSingleUpdate_Operator" time="2.525"/>
  <system-out/>
  <testcase classname="Amazon.test.AgentProductTest" name="ProductSettingSingleUpdate_Operator" time="2.511"/>
  <system-out/>
  <testcase classname="Amazon.test.AgentProductTest" name="ProductSettingSingleUpdate_Operator" time="2.926"/>
  <system-out/>
  <testcase classname="Amazon.test.AgentProductTest" name="ProductSettingSingleUpdate_Operator" time="2.461"/>
  <system-out/>
  <testcase classname="Amazon.test.AgentProductTest" name="ProductSettingSingleUpdate_Operator" time="2.661"/>
  <system-out/>
  <testcase classname="Amazon.test.AgentProductTest" name="ProductSettingSingleUpdate_Operator" time="2.855"/>
  <system-out/>
  <testcase classname="Amazon.test.AgentProductTest" name="ProductSettingSingleUpdate_Operator" time="13.633"/>
  <system-out/>
  <testcase classname="Amazon.test.AgentProductTest" name="ProductSettingSingleUpdate_Operator" time="2.429"/>
  <system-out/>
  <testcase classname="Amazon.test.AgentProductTest" name="ProductSettingSingleUpdate_Operator" time="3.071"/>
  <system-out/>
  <testcase classname="Amazon.test.AgentProductTest" name="ProductSettingSingleUpdate_Operator" time="10.066"/>
  <system-out/>
  <testcase classname="Amazon.test.AgentProductTest" name="ProductSettingSingleUpdate_Operator" time="6.488"/>
  <system-out/>
  <testcase classname="Amazon.test.AgentProductTest" name="ProductSettingSingleUpdate_Operator" time="6.223"/>
  <system-out/>
  <testcase classname="Amazon.test.AgentProductTest" name="ProductSettingSingleUpdate_Operator" time="2.594"/>
  <system-out/>
  <testcase classname="Amazon.test.AgentProductTest" name="ProductSettingSingleUpdate_Operator" time="6.260"/>
  <system-out/>
  <testcase classname="Amazon.test.AgentProductTest" name="ProductSettingSingleUpdate_Operator" time="6.135"/>
  <system-out/>
  <testcase classname="Amazon.test.AgentProductTest" name="ProductSettingSingleUpdate_Operator" time="10.350"/>
  <system-out/>
  <testcase classname="Amazon.test.AgentProductTest" name="ProductSettingSingleUpdate_Operator" time="2.724"/>
  <system-out/>
  <testcase classname="Amazon.test.AgentProductTest" name="ProductSettingSingleUpdate_Operator" time="2.782"/>
  <system-out/>
  <testcase classname="Amazon.test.AgentProductTest" name="ProductSettingSingleUpdate_Operator" time="10.174"/>
  <system-out/>
  <testcase classname="Amazon.test.AgentProductTest" name="ProductSettingSingleUpdate_Operator" time="10.069"/>
  <system-out/>
  <testcase classname="Amazon.test.AgentProductTest" name="ProductSettingSingleUpdate_Operator" time="6.216"/>
  <system-out/>
  <testcase classname="Amazon.test.AgentProductTest" name="ProductSettingSingleUpdate_Operator" time="15.848"/>
  <system-out/>
  <testcase classname="Amazon.test.AgentProductTest" name="ProductSettingSingleUpdate_Operator" time="6.141"/>
  <system-out/>
  <testcase classname="Amazon.test.AgentProductTest" name="ProductSettingSingleUpdate_Operator" time="12.700"/>
  <system-out/>
  <testcase classname="Amazon.test.AgentProductTest" name="ProductSettingSingleUpdate_Operator" time="10.098"/>
  <system-out/>
  <testcase classname="Amazon.test.AgentProductTest" name="ProductSettingSingleUpdate_Operator" time="2.468"/>
  <system-out/>
  <testcase classname="Amazon.test.AgentProductTest" name="ProductSettingSingleUpdate_Operator" time="2.589"/>
  <system-out/>
  <testcase classname="Amazon.test.AgentProductTest" name="ProductSettingSingleUpdate_Operator" time="2.801"/>
  <system-out/>
  <testcase classname="Amazon.test.AgentProductTest" name="ProductSettingSingleUpdate_Operator" time="2.687"/>
  <system-out/>
  <testcase classname="Amazon.test.AgentProductTest" name="ProductSettingSingleUpdate_Operator" time="2.462"/>
  <system-out/>
  <testcase classname="Amazon.test.AgentProductTest" name="ProductSettingSingleUpdate_Operator" time="6.812"/>
  <system-out/>
  <testcase classname="Amazon.test.AgentProductTest" name="ProductSettingSingleUpdate_Operator" time="2.926"/>
  <system-out/>
  <testcase classname="Amazon.test.AgentProductTest" name="ProductSettingSingleUpdate_Operator" time="2.842"/>
  <system-out/>
  <testcase classname="Amazon.test.AgentProductTest" name="ProductSettingSingleUpdate_Operator" time="2.591"/>
  <system-out/>
  <testcase classname="Amazon.test.AgentProductTest" name="ProductSettingSingleUpdate_Operator" time="17.057"/>
  <system-out/>
  <testcase classname="Amazon.test.AgentProductTest" name="ProductSettingSingleUpdate_Operator" time="5.992"/>
  <system-out/>
  <testcase classname="Amazon.test.AgentProductTest" name="ProductSettingSingleUpdate_Operator" time="2.429"/>
  <system-out/>
  <testcase classname="Amazon.test.AgentProductTest" name="ProductSettingSingleUpdate_Operator" time="6.526"/>
  <system-out/>
  <testcase classname="Amazon.test.AgentProductTest" name="ProductSettingSingleUpdate_Operator" time="6.393"/>
  <system-out/>
  <testcase classname="Amazon.test.AgentProductTest" name="ProductSettingSingleUpdate_Operator" time="6.283"/>
  <system-out/>
  <testcase classname="Amazon.test.AgentProductTest" name="ProductSettingSingleUpdate_Operator" time="10.335"/>
  <system-out/>
  <testcase classname="Amazon.test.AgentProductTest" name="ProductSettingSingleUpdate_Operator" time="6.064"/>
  <system-out/>
  <testcase classname="Amazon.test.AgentProductTest" name="ProductSettingGroupUpdate_Operator" time="19.203"/>
  <system-out/>
  <testcase classname="Amazon.test.AgentProductTest" name="ProductSettingGroupCheck_Reseller">
    <skipped/>
  </testcase> <!-- ProductSettingGroupCheck_Reseller -->
  <system-out/>
  <testcase classname="Amazon.test.AgentProductTest" name="ProductSettingGroupCheck_Parallel">
    <skipped/>
  </testcase> <!-- ProductSettingGroupCheck_Parallel -->
  <system-out/>
  <testcase classname="Amazon.test.AgentProductTest" name="ProductSettingGroupCheck_Operator">
    <skipped/>
  </testcase> <!-- ProductSettingGroupCheck_Operator -->
  <system-out/>
</testsuite> <!-- Amazon.test.AgentProductTest -->
