<?xml version="1.0" encoding="UTF-8"?>
<!-- Generated by org.testng.reporters.JUnitReportReporter -->
<testsuite hostname="JunWoos-MacBook-Pro.local" failures="0" tests="43" name="Amazon.test.SlotGameListTest" time="628.780" errors="0" timestamp="2023-08-13T18:39:27 MYT" skipped="0">
  <testcase classname="Amazon.test.SlotGameListTest" name="SectionSetUpTestProduct" time="0.547"/>
  <system-out/>
  <testcase classname="Amazon.test.SlotGameListTest" name="SlotGameListSingleUpdate" time="30.643"/>
  <system-out/>
  <testcase classname="Amazon.test.SlotGameListTest" name="SlotGameListSingleUpdate" time="27.686"/>
  <system-out/>
  <testcase classname="Amazon.test.SlotGameListTest" name="SlotGameListSingleUpdate" time="25.721"/>
  <system-out/>
  <testcase classname="Amazon.test.SlotGameListTest" name="SlotGameListSingleUpdate" time="24.824"/>
  <system-out/>
  <testcase classname="Amazon.test.SlotGameListTest" name="SlotGameListSingleUpdate" time="19.481"/>
  <system-out/>
  <testcase classname="Amazon.test.SlotGameListTest" name="SlotGameListSingleUpdate" time="23.753"/>
  <system-out/>
  <testcase classname="Amazon.test.SlotGameListTest" name="SlotGameListSingleUpdate" time="21.766"/>
  <system-out/>
  <testcase classname="Amazon.test.SlotGameListTest" name="SlotGameListSingleUpdate" time="22.828"/>
  <system-out/>
  <testcase classname="Amazon.test.SlotGameListTest" name="SlotGameListSingleUpdate" time="22.588"/>
  <system-out/>
  <testcase classname="Amazon.test.SlotGameListTest" name="SlotGameListSingleUpdate" time="27.154"/>
  <system-out/>
  <testcase classname="Amazon.test.SlotGameListTest" name="SlotGameListSingleUpdate" time="29.260"/>
  <system-out/>
  <testcase classname="Amazon.test.SlotGameListTest" name="SlotGameListSingleUpdate" time="23.124"/>
  <system-out/>
  <testcase classname="Amazon.test.SlotGameListTest" name="SlotGameListSingleUpdate" time="31.227"/>
  <system-out/>
  <testcase classname="Amazon.test.SlotGameListTest" name="SlotGameListSingleUpdate" time="25.423"/>
  <system-out/>
  <testcase classname="Amazon.test.SlotGameListTest" name="SlotGameListSingleUpdate" time="27.550"/>
  <system-out/>
  <testcase classname="Amazon.test.SlotGameListTest" name="SlotGameListSingleUpdate" time="24.689"/>
  <system-out/>
  <testcase classname="Amazon.test.SlotGameListTest" name="SlotGameListSingleUpdate" time="26.870"/>
  <system-out/>
  <testcase classname="Amazon.test.SlotGameListTest" name="SlotGameListSingleUpdate" time="22.192"/>
  <system-out/>
  <testcase classname="Amazon.test.SlotGameListTest" name="SlotGameListSingleUpdate" time="23.758"/>
  <system-out/>
  <testcase classname="Amazon.test.SlotGameListTest" name="SlotGameListSingleUpdate" time="22.990"/>
  <system-out/>
  <testcase classname="Amazon.test.SlotGameListTest" name="SlotGameListSingleUpdate" time="26.853"/>
  <system-out/>
  <testcase classname="Amazon.test.SlotGameListTest" name="SlotGameListMultipleUpdate" time="4.325"/>
  <system-out/>
  <testcase classname="Amazon.test.SlotGameListTest" name="SlotGameListMultipleUpdate" time="9.025"/>
  <system-out/>
  <testcase classname="Amazon.test.SlotGameListTest" name="SlotGameListMultipleUpdate" time="4.380"/>
  <system-out/>
  <testcase classname="Amazon.test.SlotGameListTest" name="SlotGameListMultipleUpdate" time="4.082"/>
  <system-out/>
  <testcase classname="Amazon.test.SlotGameListTest" name="SlotGameListMultipleUpdate" time="4.235"/>
  <system-out/>
  <testcase classname="Amazon.test.SlotGameListTest" name="SlotGameListMultipleUpdate" time="3.985"/>
  <system-out/>
  <testcase classname="Amazon.test.SlotGameListTest" name="SlotGameListMultipleUpdate" time="4.200"/>
  <system-out/>
  <testcase classname="Amazon.test.SlotGameListTest" name="SlotGameListMultipleUpdate" time="4.386"/>
  <system-out/>
  <testcase classname="Amazon.test.SlotGameListTest" name="SlotGameListMultipleUpdate" time="4.459"/>
  <system-out/>
  <testcase classname="Amazon.test.SlotGameListTest" name="SlotGameListMultipleUpdate" time="4.206"/>
  <system-out/>
  <testcase classname="Amazon.test.SlotGameListTest" name="SlotGameListMultipleUpdate" time="4.312"/>
  <system-out/>
  <testcase classname="Amazon.test.SlotGameListTest" name="SlotGameListMultipleUpdate" time="4.196"/>
  <system-out/>
  <testcase classname="Amazon.test.SlotGameListTest" name="SlotGameListMultipleUpdate" time="4.182"/>
  <system-out/>
  <testcase classname="Amazon.test.SlotGameListTest" name="SlotGameListMultipleUpdate" time="4.159"/>
  <system-out/>
  <testcase classname="Amazon.test.SlotGameListTest" name="SlotGameListMultipleUpdate" time="4.468"/>
  <system-out/>
  <testcase classname="Amazon.test.SlotGameListTest" name="SlotGameListMultipleUpdate" time="4.123"/>
  <system-out/>
  <testcase classname="Amazon.test.SlotGameListTest" name="SlotGameListMultipleUpdate" time="4.114"/>
  <system-out/>
  <testcase classname="Amazon.test.SlotGameListTest" name="SlotGameListMultipleUpdate" time="4.297"/>
  <system-out/>
  <testcase classname="Amazon.test.SlotGameListTest" name="SlotGameListMultipleUpdate" time="8.938"/>
  <system-out/>
  <testcase classname="Amazon.test.SlotGameListTest" name="SlotGameListMultipleUpdate" time="3.787"/>
  <system-out/>
  <testcase classname="Amazon.test.SlotGameListTest" name="SlotGameListMultipleUpdate" time="3.994"/>
  <system-out/>
</testsuite> <!-- Amazon.test.SlotGameListTest -->
