<?xml version="1.0" encoding="UTF-8"?>
<!-- Generated by org.testng.reporters.JUnitReportReporter -->
<testsuite hostname="JunWoos-MacBook-Pro.local" failures="0" tests="4" name="Amazon.test.LoginTest" time="6.798" errors="0" timestamp="2023-07-15T19:05:36 MYT" skipped="0">
  <testcase classname="Amazon.test.LoginTest" name="LoginPageTitleTest" time="0.025"/>
  <system-out/>
  <testcase classname="Amazon.test.LoginTest" name="loginTestNegative01" time="2.798"/>
  <system-out/>
  <testcase classname="Amazon.test.LoginTest" name="loginTestNegative02" time="1.853"/>
  <system-out/>
  <testcase classname="Amazon.test.LoginTest" name="LoginTest" time="2.122"/>
  <system-out/>
</testsuite> <!-- Amazon.test.LoginTest -->
