<?xml version="1.0" encoding="UTF-8"?>
<!-- Generated by org.testng.reporters.JUnitReportReporter -->
<testsuite hostname="JunWoos-MacBook-Pro.local" failures="0" tests="48" name="Amazon.test.GlobalProductTest" time="68.631" errors="0" timestamp="2023-08-10T20:11:25 MYT" skipped="0">
  <testcase classname="Amazon.test.GlobalProductTest" name="SectionSetUpGlobalProductList" time="0.976"/>
  <system-out/>
  <testcase classname="Amazon.test.GlobalProductTest" name="GlobalProductSettingSingleUpdate" time="2.574"/>
  <system-out/>
  <testcase classname="Amazon.test.GlobalProductTest" name="GlobalProductSettingSingleUpdate" time="5.821"/>
  <system-out/>
  <testcase classname="Amazon.test.GlobalProductTest" name="GlobalProductSettingSingleUpdate" time="2.079"/>
  <system-out/>
  <testcase classname="Amazon.test.GlobalProductTest" name="GlobalProductSettingSingleUpdate" time="2.218"/>
  <system-out/>
  <testcase classname="Amazon.test.GlobalProductTest" name="GlobalProductSettingSingleUpdate" time="2.241"/>
  <system-out/>
  <testcase classname="Amazon.test.GlobalProductTest" name="GlobalProductSettingSingleUpdate" time="2.242"/>
  <system-out/>
  <testcase classname="Amazon.test.GlobalProductTest" name="GlobalProductSettingSingleUpdate" time="2.769"/>
  <system-out/>
  <testcase classname="Amazon.test.GlobalProductTest" name="GlobalProductSettingSingleUpdate" time="4.181"/>
  <system-out/>
  <testcase classname="Amazon.test.GlobalProductTest" name="GlobalProductSettingSingleUpdate" time="2.571"/>
  <system-out/>
  <testcase classname="Amazon.test.GlobalProductTest" name="GlobalProductSettingSingleUpdate" time="2.489"/>
  <system-out/>
  <testcase classname="Amazon.test.GlobalProductTest" name="GlobalProductSettingSingleUpdate" time="2.156"/>
  <system-out/>
  <testcase classname="Amazon.test.GlobalProductTest" name="GlobalProductSettingSingleUpdate" time="2.076"/>
  <system-out/>
  <testcase classname="Amazon.test.GlobalProductTest" name="GlobalProductSettingSingleUpdate" time="2.133"/>
  <system-out/>
  <testcase classname="Amazon.test.GlobalProductTest" name="GlobalProductSettingSingleUpdate" time="2.574"/>
  <system-out/>
  <testcase classname="Amazon.test.GlobalProductTest" name="GlobalProductSettingSingleUpdate" time="2.254"/>
  <system-out/>
  <testcase classname="Amazon.test.GlobalProductTest" name="GlobalProductSettingSingleUpdate" time="2.224"/>
  <system-out/>
  <testcase classname="Amazon.test.GlobalProductTest" name="GlobalProductSettingSingleUpdate" time="2.634"/>
  <system-out/>
  <testcase classname="Amazon.test.GlobalProductTest" name="GlobalProductSettingSingleUpdate" time="2.407"/>
  <system-out/>
  <testcase classname="Amazon.test.GlobalProductTest" name="GlobalProductSettingSingleUpdate" time="2.983"/>
  <system-out/>
  <testcase classname="Amazon.test.GlobalProductTest" name="GlobalProductSettingSingleUpdate" time="2.198"/>
  <system-out/>
  <testcase classname="Amazon.test.GlobalProductTest" name="GlobalProductSettingSingleUpdate" time="2.392"/>
  <system-out/>
  <testcase classname="Amazon.test.GlobalProductTest" name="GlobalProductSettingSingleUpdate" time="2.503"/>
  <system-out/>
  <testcase classname="Amazon.test.GlobalProductTest" name="GlobalProductSettingSingleUpdate" time="2.297"/>
  <system-out/>
  <testcase classname="Amazon.test.GlobalProductTest" name="GlobalProductSettingGroupUpdate" time="3.194"/>
  <system-out/>
  <testcase classname="Amazon.test.GlobalProductTest" name="GlobalProductSettingGroupCheck" time="0.329"/>
  <system-out/>
  <testcase classname="Amazon.test.GlobalProductTest" name="GlobalProductSettingGroupCheck" time="0.247"/>
  <system-out/>
  <testcase classname="Amazon.test.GlobalProductTest" name="GlobalProductSettingGroupCheck" time="0.183"/>
  <system-out/>
  <testcase classname="Amazon.test.GlobalProductTest" name="GlobalProductSettingGroupCheck" time="0.044"/>
  <system-out/>
  <testcase classname="Amazon.test.GlobalProductTest" name="GlobalProductSettingGroupCheck" time="0.103"/>
  <system-out/>
  <testcase classname="Amazon.test.GlobalProductTest" name="GlobalProductSettingGroupCheck" time="0.199"/>
  <system-out/>
  <testcase classname="Amazon.test.GlobalProductTest" name="GlobalProductSettingGroupCheck" time="0.195"/>
  <system-out/>
  <testcase classname="Amazon.test.GlobalProductTest" name="GlobalProductSettingGroupCheck" time="0.210"/>
  <system-out/>
  <testcase classname="Amazon.test.GlobalProductTest" name="GlobalProductSettingGroupCheck" time="0.271"/>
  <system-out/>
  <testcase classname="Amazon.test.GlobalProductTest" name="GlobalProductSettingGroupCheck" time="0.298"/>
  <system-out/>
  <testcase classname="Amazon.test.GlobalProductTest" name="GlobalProductSettingGroupCheck" time="0.060"/>
  <system-out/>
  <testcase classname="Amazon.test.GlobalProductTest" name="GlobalProductSettingGroupCheck" time="0.072"/>
  <system-out/>
  <testcase classname="Amazon.test.GlobalProductTest" name="GlobalProductSettingGroupCheck" time="0.118"/>
  <system-out/>
  <testcase classname="Amazon.test.GlobalProductTest" name="GlobalProductSettingGroupCheck" time="0.318"/>
  <system-out/>
  <testcase classname="Amazon.test.GlobalProductTest" name="GlobalProductSettingGroupCheck" time="0.274"/>
  <system-out/>
  <testcase classname="Amazon.test.GlobalProductTest" name="GlobalProductSettingGroupCheck" time="0.087"/>
  <system-out/>
  <testcase classname="Amazon.test.GlobalProductTest" name="GlobalProductSettingGroupCheck" time="0.168"/>
  <system-out/>
  <testcase classname="Amazon.test.GlobalProductTest" name="GlobalProductSettingGroupCheck" time="0.321"/>
  <system-out/>
  <testcase classname="Amazon.test.GlobalProductTest" name="GlobalProductSettingGroupCheck" time="0.134"/>
  <system-out/>
  <testcase classname="Amazon.test.GlobalProductTest" name="GlobalProductSettingGroupCheck" time="0.287"/>
  <system-out/>
  <testcase classname="Amazon.test.GlobalProductTest" name="GlobalProductSettingGroupCheck" time="0.146"/>
  <system-out/>
  <testcase classname="Amazon.test.GlobalProductTest" name="GlobalProductSettingGroupCheck" time="0.033"/>
  <system-out/>
  <testcase classname="Amazon.test.GlobalProductTest" name="GlobalProductSettingGroupCheck" time="0.348"/>
  <system-out/>
</testsuite> <!-- Amazon.test.GlobalProductTest -->
