<?xml version="1.0" encoding="UTF-8"?>
<!-- Generated by org.testng.reporters.JUnitReportReporter -->
<testsuite hostname="JunWoos-MacBook-Pro.local" failures="0" tests="74" name="Amazon.test.AgentMinMaxTest" time="189.382" errors="0" timestamp="2023-08-10T20:17:58 MYT" skipped="2">
  <testcase classname="Amazon.test.AgentMinMaxTest" name="SectionSetUpCAView" time="0.003">
    <skipped/>
  </testcase> <!-- SectionSetUpCAView -->
  <system-out/>
  <testcase classname="Amazon.test.AgentMinMaxTest" name="LimitSettingGroupUpdate_CAView" time="0.000">
    <skipped/>
  </testcase> <!-- LimitSettingGroupUpdate_CAView -->
  <system-out/>
  <testcase classname="Amazon.test.AgentMinMaxTest" name="SectionSetUpDownlineView" time="4.138"/>
  <system-out/>
  <testcase classname="Amazon.test.AgentMinMaxTest" name="LimitSettingSingleUpdate_DownlineView" time="4.285"/>
  <system-out/>
  <testcase classname="Amazon.test.AgentMinMaxTest" name="LimitSettingSingleUpdate_DownlineView" time="3.875"/>
  <system-out/>
  <testcase classname="Amazon.test.AgentMinMaxTest" name="LimitSettingSingleUpdate_DownlineView" time="4.899"/>
  <system-out/>
  <testcase classname="Amazon.test.AgentMinMaxTest" name="LimitSettingSingleUpdate_DownlineView" time="4.381"/>
  <system-out/>
  <testcase classname="Amazon.test.AgentMinMaxTest" name="LimitSettingSingleUpdate_DownlineView" time="4.220"/>
  <system-out/>
  <testcase classname="Amazon.test.AgentMinMaxTest" name="LimitSettingSingleUpdate_DownlineView" time="3.684"/>
  <system-out/>
  <testcase classname="Amazon.test.AgentMinMaxTest" name="LimitSettingSingleUpdate_DownlineView" time="9.791"/>
  <system-out/>
  <testcase classname="Amazon.test.AgentMinMaxTest" name="LimitSettingSingleUpdate_DownlineView" time="4.048"/>
  <system-out/>
  <testcase classname="Amazon.test.AgentMinMaxTest" name="LimitSettingSingleUpdate_DownlineView" time="8.790"/>
  <system-out/>
  <testcase classname="Amazon.test.AgentMinMaxTest" name="LimitSettingSingleUpdate_DownlineView" time="4.358"/>
  <system-out/>
  <testcase classname="Amazon.test.AgentMinMaxTest" name="LimitSettingSingleUpdate_DownlineView" time="4.459"/>
  <system-out/>
  <testcase classname="Amazon.test.AgentMinMaxTest" name="LimitSettingSingleUpdate_DownlineView" time="4.374"/>
  <system-out/>
  <testcase classname="Amazon.test.AgentMinMaxTest" name="LimitSettingSingleUpdate_DownlineView" time="4.212"/>
  <system-out/>
  <testcase classname="Amazon.test.AgentMinMaxTest" name="LimitSettingSingleUpdate_DownlineView" time="4.343"/>
  <system-out/>
  <testcase classname="Amazon.test.AgentMinMaxTest" name="LimitSettingSingleUpdate_DownlineView" time="8.155"/>
  <system-out/>
  <testcase classname="Amazon.test.AgentMinMaxTest" name="LimitSettingSingleUpdate_DownlineView" time="4.528"/>
  <system-out/>
  <testcase classname="Amazon.test.AgentMinMaxTest" name="LimitSettingSingleUpdate_DownlineView" time="3.972"/>
  <system-out/>
  <testcase classname="Amazon.test.AgentMinMaxTest" name="LimitSettingSingleUpdate_DownlineView" time="4.796"/>
  <system-out/>
  <testcase classname="Amazon.test.AgentMinMaxTest" name="LimitSettingSingleUpdate_DownlineView" time="4.931"/>
  <system-out/>
  <testcase classname="Amazon.test.AgentMinMaxTest" name="LimitSettingSingleUpdate_DownlineView" time="4.297"/>
  <system-out/>
  <testcase classname="Amazon.test.AgentMinMaxTest" name="LimitSettingSingleUpdate_DownlineView" time="4.322"/>
  <system-out/>
  <testcase classname="Amazon.test.AgentMinMaxTest" name="LimitSettingSingleUpdate_DownlineView" time="5.055"/>
  <system-out/>
  <testcase classname="Amazon.test.AgentMinMaxTest" name="LimitSettingSingleUpdate_DownlineView" time="4.035"/>
  <system-out/>
  <testcase classname="Amazon.test.AgentMinMaxTest" name="LimitSettingSingleUpdate_DownlineView" time="4.141"/>
  <system-out/>
  <testcase classname="Amazon.test.AgentMinMaxTest" name="LimitSettingSingleUpdate_DownlineView" time="4.533"/>
  <system-out/>
  <testcase classname="Amazon.test.AgentMinMaxTest" name="LimitSettingSingleUpdate_DownlineView" time="4.390"/>
  <system-out/>
  <testcase classname="Amazon.test.AgentMinMaxTest" name="LimitSettingSingleUpdate_DownlineView" time="4.237"/>
  <system-out/>
  <testcase classname="Amazon.test.AgentMinMaxTest" name="LimitSettingSingleUpdate_DownlineView" time="7.085"/>
  <system-out/>
  <testcase classname="Amazon.test.AgentMinMaxTest" name="LimitSettingSingleUpdate_DownlineView" time="4.067"/>
  <system-out/>
  <testcase classname="Amazon.test.AgentMinMaxTest" name="LimitSettingSingleUpdate_DownlineView" time="4.380"/>
  <system-out/>
  <testcase classname="Amazon.test.AgentMinMaxTest" name="LimitSettingSingleUpdate_DownlineView" time="4.072"/>
  <system-out/>
  <testcase classname="Amazon.test.AgentMinMaxTest" name="LimitSettingSingleUpdate_DownlineView" time="4.847"/>
  <system-out/>
  <testcase classname="Amazon.test.AgentMinMaxTest" name="LimitSettingSingleUpdate_DownlineView" time="4.281"/>
  <system-out/>
  <testcase classname="Amazon.test.AgentMinMaxTest" name="LimitSettingSingleUpdate_DownlineView" time="4.065"/>
  <system-out/>
  <testcase classname="Amazon.test.AgentMinMaxTest" name="LimitSettingSingleUpdate_DownlineView" time="4.091"/>
  <system-out/>
  <testcase classname="Amazon.test.AgentMinMaxTest" name="LimitSettingGroupUpdate_DownlineView" time="10.386"/>
  <system-out/>
  <testcase classname="Amazon.test.AgentMinMaxTest" name="LimitSettingGroupCheck_DownlineView" time="0.218"/>
  <system-out/>
  <testcase classname="Amazon.test.AgentMinMaxTest" name="LimitSettingGroupCheck_DownlineView" time="0.161"/>
  <system-out/>
  <testcase classname="Amazon.test.AgentMinMaxTest" name="LimitSettingGroupCheck_DownlineView" time="0.153"/>
  <system-out/>
  <testcase classname="Amazon.test.AgentMinMaxTest" name="LimitSettingGroupCheck_DownlineView" time="0.189"/>
  <system-out/>
  <testcase classname="Amazon.test.AgentMinMaxTest" name="LimitSettingGroupCheck_DownlineView" time="0.198"/>
  <system-out/>
  <testcase classname="Amazon.test.AgentMinMaxTest" name="LimitSettingGroupCheck_DownlineView" time="0.369"/>
  <system-out/>
  <testcase classname="Amazon.test.AgentMinMaxTest" name="LimitSettingGroupCheck_DownlineView" time="0.073"/>
  <system-out/>
  <testcase classname="Amazon.test.AgentMinMaxTest" name="LimitSettingGroupCheck_DownlineView" time="0.172"/>
  <system-out/>
  <testcase classname="Amazon.test.AgentMinMaxTest" name="LimitSettingGroupCheck_DownlineView" time="0.278"/>
  <system-out/>
  <testcase classname="Amazon.test.AgentMinMaxTest" name="LimitSettingGroupCheck_DownlineView" time="0.316"/>
  <system-out/>
  <testcase classname="Amazon.test.AgentMinMaxTest" name="LimitSettingGroupCheck_DownlineView" time="0.111"/>
  <system-out/>
  <testcase classname="Amazon.test.AgentMinMaxTest" name="LimitSettingGroupCheck_DownlineView" time="0.118"/>
  <system-out/>
  <testcase classname="Amazon.test.AgentMinMaxTest" name="LimitSettingGroupCheck_DownlineView" time="0.150"/>
  <system-out/>
  <testcase classname="Amazon.test.AgentMinMaxTest" name="LimitSettingGroupCheck_DownlineView" time="0.297"/>
  <system-out/>
  <testcase classname="Amazon.test.AgentMinMaxTest" name="LimitSettingGroupCheck_DownlineView" time="0.312"/>
  <system-out/>
  <testcase classname="Amazon.test.AgentMinMaxTest" name="LimitSettingGroupCheck_DownlineView" time="0.181"/>
  <system-out/>
  <testcase classname="Amazon.test.AgentMinMaxTest" name="LimitSettingGroupCheck_DownlineView" time="0.262"/>
  <system-out/>
  <testcase classname="Amazon.test.AgentMinMaxTest" name="LimitSettingGroupCheck_DownlineView" time="0.127"/>
  <system-out/>
  <testcase classname="Amazon.test.AgentMinMaxTest" name="LimitSettingGroupCheck_DownlineView" time="0.230"/>
  <system-out/>
  <testcase classname="Amazon.test.AgentMinMaxTest" name="LimitSettingGroupCheck_DownlineView" time="0.275"/>
  <system-out/>
  <testcase classname="Amazon.test.AgentMinMaxTest" name="LimitSettingGroupCheck_DownlineView" time="0.078"/>
  <system-out/>
  <testcase classname="Amazon.test.AgentMinMaxTest" name="LimitSettingGroupCheck_DownlineView" time="0.320"/>
  <system-out/>
  <testcase classname="Amazon.test.AgentMinMaxTest" name="LimitSettingGroupCheck_DownlineView" time="0.102"/>
  <system-out/>
  <testcase classname="Amazon.test.AgentMinMaxTest" name="LimitSettingGroupCheck_DownlineView" time="0.256"/>
  <system-out/>
  <testcase classname="Amazon.test.AgentMinMaxTest" name="LimitSettingGroupCheck_DownlineView" time="0.218"/>
  <system-out/>
  <testcase classname="Amazon.test.AgentMinMaxTest" name="LimitSettingGroupCheck_DownlineView" time="0.112"/>
  <system-out/>
  <testcase classname="Amazon.test.AgentMinMaxTest" name="LimitSettingGroupCheck_DownlineView" time="0.138"/>
  <system-out/>
  <testcase classname="Amazon.test.AgentMinMaxTest" name="LimitSettingGroupCheck_DownlineView" time="0.254"/>
  <system-out/>
  <testcase classname="Amazon.test.AgentMinMaxTest" name="LimitSettingGroupCheck_DownlineView" time="0.222"/>
  <system-out/>
  <testcase classname="Amazon.test.AgentMinMaxTest" name="LimitSettingGroupCheck_DownlineView" time="0.087"/>
  <system-out/>
  <testcase classname="Amazon.test.AgentMinMaxTest" name="LimitSettingGroupCheck_DownlineView" time="0.166"/>
  <system-out/>
  <testcase classname="Amazon.test.AgentMinMaxTest" name="LimitSettingGroupCheck_DownlineView" time="0.288"/>
  <system-out/>
  <testcase classname="Amazon.test.AgentMinMaxTest" name="LimitSettingGroupCheck_DownlineView" time="0.064"/>
  <system-out/>
  <testcase classname="Amazon.test.AgentMinMaxTest" name="LimitSettingGroupCheck_DownlineView" time="0.268"/>
  <system-out/>
  <testcase classname="Amazon.test.AgentMinMaxTest" name="LimitSettingGroupCheck_DownlineView" time="0.093"/>
  <system-out/>
</testsuite> <!-- Amazon.test.AgentMinMaxTest -->
