<?xml version="1.0" encoding="UTF-8"?>
<!-- Generated by org.testng.reporters.JUnitReportReporter -->
<testsuite hostname="JunWoos-MacBook-Pro.local" failures="0" tests="60" name="Amazon.test.GlobalProductTest" time="102.523" errors="0" timestamp="2023-12-25T22:25:29 MYT" skipped="0">
  <testcase classname="Amazon.test.GlobalProductTest" name="SectionSetUpGlobalProductList" time="1.795"/>
  <system-out/>
  <testcase classname="Amazon.test.GlobalProductTest" name="GlobalProductSettingSingleUpdate" time="2.296"/>
  <system-out/>
  <testcase classname="Amazon.test.GlobalProductTest" name="GlobalProductSettingSingleUpdate" time="2.087"/>
  <system-out/>
  <testcase classname="Amazon.test.GlobalProductTest" name="GlobalProductSettingSingleUpdate" time="2.265"/>
  <system-out/>
  <testcase classname="Amazon.test.GlobalProductTest" name="GlobalProductSettingSingleUpdate" time="2.339"/>
  <system-out/>
  <testcase classname="Amazon.test.GlobalProductTest" name="GlobalProductSettingSingleUpdate" time="2.506"/>
  <system-out/>
  <testcase classname="Amazon.test.GlobalProductTest" name="GlobalProductSettingSingleUpdate" time="2.667"/>
  <system-out/>
  <testcase classname="Amazon.test.GlobalProductTest" name="GlobalProductSettingSingleUpdate" time="2.732"/>
  <system-out/>
  <testcase classname="Amazon.test.GlobalProductTest" name="GlobalProductSettingSingleUpdate" time="2.831"/>
  <system-out/>
  <testcase classname="Amazon.test.GlobalProductTest" name="GlobalProductSettingSingleUpdate" time="2.609"/>
  <system-out/>
  <testcase classname="Amazon.test.GlobalProductTest" name="GlobalProductSettingSingleUpdate" time="2.674"/>
  <system-out/>
  <testcase classname="Amazon.test.GlobalProductTest" name="GlobalProductSettingSingleUpdate" time="2.954"/>
  <system-out/>
  <testcase classname="Amazon.test.GlobalProductTest" name="GlobalProductSettingSingleUpdate" time="2.393"/>
  <system-out/>
  <testcase classname="Amazon.test.GlobalProductTest" name="GlobalProductSettingSingleUpdate" time="2.569"/>
  <system-out/>
  <testcase classname="Amazon.test.GlobalProductTest" name="GlobalProductSettingSingleUpdate" time="2.929"/>
  <system-out/>
  <testcase classname="Amazon.test.GlobalProductTest" name="GlobalProductSettingSingleUpdate" time="5.662"/>
  <system-out/>
  <testcase classname="Amazon.test.GlobalProductTest" name="GlobalProductSettingSingleUpdate" time="2.506"/>
  <system-out/>
  <testcase classname="Amazon.test.GlobalProductTest" name="GlobalProductSettingSingleUpdate" time="2.770"/>
  <system-out/>
  <testcase classname="Amazon.test.GlobalProductTest" name="GlobalProductSettingSingleUpdate" time="2.755"/>
  <system-out/>
  <testcase classname="Amazon.test.GlobalProductTest" name="GlobalProductSettingSingleUpdate" time="7.658"/>
  <system-out/>
  <testcase classname="Amazon.test.GlobalProductTest" name="GlobalProductSettingSingleUpdate" time="2.649"/>
  <system-out/>
  <testcase classname="Amazon.test.GlobalProductTest" name="GlobalProductSettingSingleUpdate" time="2.564"/>
  <system-out/>
  <testcase classname="Amazon.test.GlobalProductTest" name="GlobalProductSettingSingleUpdate" time="2.873"/>
  <system-out/>
  <testcase classname="Amazon.test.GlobalProductTest" name="GlobalProductSettingSingleUpdate" time="3.166"/>
  <system-out/>
  <testcase classname="Amazon.test.GlobalProductTest" name="GlobalProductSettingSingleUpdate" time="2.788"/>
  <system-out/>
  <testcase classname="Amazon.test.GlobalProductTest" name="GlobalProductSettingSingleUpdate" time="2.311"/>
  <system-out/>
  <testcase classname="Amazon.test.GlobalProductTest" name="GlobalProductSettingSingleUpdate" time="2.653"/>
  <system-out/>
  <testcase classname="Amazon.test.GlobalProductTest" name="GlobalProductSettingSingleUpdate" time="2.263"/>
  <system-out/>
  <testcase classname="Amazon.test.GlobalProductTest" name="GlobalProductSettingSingleUpdate" time="4.841"/>
  <system-out/>
  <testcase classname="Amazon.test.GlobalProductTest" name="GlobalProductSettingSingleUpdate" time="7.669"/>
  <system-out/>
  <testcase classname="Amazon.test.GlobalProductTest" name="GlobalProductSettingGroupUpdate" time="1.659"/>
  <system-out/>
  <testcase classname="Amazon.test.GlobalProductTest" name="GlobalProductSettingGroupCheck" time="0.180"/>
  <system-out/>
  <testcase classname="Amazon.test.GlobalProductTest" name="GlobalProductSettingGroupCheck" time="0.215"/>
  <system-out/>
  <testcase classname="Amazon.test.GlobalProductTest" name="GlobalProductSettingGroupCheck" time="0.467"/>
  <system-out/>
  <testcase classname="Amazon.test.GlobalProductTest" name="GlobalProductSettingGroupCheck" time="0.416"/>
  <system-out/>
  <testcase classname="Amazon.test.GlobalProductTest" name="GlobalProductSettingGroupCheck" time="0.365"/>
  <system-out/>
  <testcase classname="Amazon.test.GlobalProductTest" name="GlobalProductSettingGroupCheck" time="0.124"/>
  <system-out/>
  <testcase classname="Amazon.test.GlobalProductTest" name="GlobalProductSettingGroupCheck" time="0.445"/>
  <system-out/>
  <testcase classname="Amazon.test.GlobalProductTest" name="GlobalProductSettingGroupCheck" time="0.299"/>
  <system-out/>
  <testcase classname="Amazon.test.GlobalProductTest" name="GlobalProductSettingGroupCheck" time="0.176"/>
  <system-out/>
  <testcase classname="Amazon.test.GlobalProductTest" name="GlobalProductSettingGroupCheck" time="0.500"/>
  <system-out/>
  <testcase classname="Amazon.test.GlobalProductTest" name="GlobalProductSettingGroupCheck" time="0.357"/>
  <system-out/>
  <testcase classname="Amazon.test.GlobalProductTest" name="GlobalProductSettingGroupCheck" time="0.480"/>
  <system-out/>
  <testcase classname="Amazon.test.GlobalProductTest" name="GlobalProductSettingGroupCheck" time="0.067"/>
  <system-out/>
  <testcase classname="Amazon.test.GlobalProductTest" name="GlobalProductSettingGroupCheck" time="0.228"/>
  <system-out/>
  <testcase classname="Amazon.test.GlobalProductTest" name="GlobalProductSettingGroupCheck" time="0.052"/>
  <system-out/>
  <testcase classname="Amazon.test.GlobalProductTest" name="GlobalProductSettingGroupCheck" time="0.132"/>
  <system-out/>
  <testcase classname="Amazon.test.GlobalProductTest" name="GlobalProductSettingGroupCheck" time="0.411"/>
  <system-out/>
  <testcase classname="Amazon.test.GlobalProductTest" name="GlobalProductSettingGroupCheck" time="0.133"/>
  <system-out/>
  <testcase classname="Amazon.test.GlobalProductTest" name="GlobalProductSettingGroupCheck" time="0.320"/>
  <system-out/>
  <testcase classname="Amazon.test.GlobalProductTest" name="GlobalProductSettingGroupCheck" time="0.155"/>
  <system-out/>
  <testcase classname="Amazon.test.GlobalProductTest" name="GlobalProductSettingGroupCheck" time="0.295"/>
  <system-out/>
  <testcase classname="Amazon.test.GlobalProductTest" name="GlobalProductSettingGroupCheck" time="0.414"/>
  <system-out/>
  <testcase classname="Amazon.test.GlobalProductTest" name="GlobalProductSettingGroupCheck" time="0.348"/>
  <system-out/>
  <testcase classname="Amazon.test.GlobalProductTest" name="GlobalProductSettingGroupCheck" time="0.451"/>
  <system-out/>
  <testcase classname="Amazon.test.GlobalProductTest" name="GlobalProductSettingGroupCheck" time="0.044"/>
  <system-out/>
  <testcase classname="Amazon.test.GlobalProductTest" name="GlobalProductSettingGroupCheck" time="0.374"/>
  <system-out/>
  <testcase classname="Amazon.test.GlobalProductTest" name="GlobalProductSettingGroupCheck" time="0.195"/>
  <system-out/>
  <testcase classname="Amazon.test.GlobalProductTest" name="GlobalProductSettingGroupCheck" time="0.365"/>
  <system-out/>
  <testcase classname="Amazon.test.GlobalProductTest" name="GlobalProductSettingGroupCheck" time="0.082"/>
  <system-out/>
</testsuite> <!-- Amazon.test.GlobalProductTest -->
