<?xml version="1.0" encoding="UTF-8"?>
<!-- Generated by org.testng.reporters.JUnitReportReporter -->
<testsuite hostname="JunWoos-MacBook-Pro.local" failures="0" tests="57" name="Amazon.test.SlotGameListTest" time="968.408" errors="0" timestamp="2023-12-25T21:17:36 MYT" skipped="0">
  <testcase classname="Amazon.test.SlotGameListTest" name="SectionSetUpTestProduct" time="0.918"/>
  <system-out/>
  <testcase classname="Amazon.test.SlotGameListTest" name="SlotGameListSingleUpdate" time="40.812"/>
  <system-out/>
  <testcase classname="Amazon.test.SlotGameListTest" name="SlotGameListSingleUpdate" time="23.665"/>
  <system-out/>
  <testcase classname="Amazon.test.SlotGameListTest" name="SlotGameListSingleUpdate" time="22.912"/>
  <system-out/>
  <testcase classname="Amazon.test.SlotGameListTest" name="SlotGameListSingleUpdate" time="36.120"/>
  <system-out/>
  <testcase classname="Amazon.test.SlotGameListTest" name="SlotGameListSingleUpdate" time="25.935"/>
  <system-out/>
  <testcase classname="Amazon.test.SlotGameListTest" name="SlotGameListSingleUpdate" time="27.592"/>
  <system-out/>
  <testcase classname="Amazon.test.SlotGameListTest" name="SlotGameListSingleUpdate" time="33.195"/>
  <system-out/>
  <testcase classname="Amazon.test.SlotGameListTest" name="SlotGameListSingleUpdate" time="36.318"/>
  <system-out/>
  <testcase classname="Amazon.test.SlotGameListTest" name="SlotGameListSingleUpdate" time="26.407"/>
  <system-out/>
  <testcase classname="Amazon.test.SlotGameListTest" name="SlotGameListSingleUpdate" time="29.996"/>
  <system-out/>
  <testcase classname="Amazon.test.SlotGameListTest" name="SlotGameListSingleUpdate" time="28.786"/>
  <system-out/>
  <testcase classname="Amazon.test.SlotGameListTest" name="SlotGameListSingleUpdate" time="29.993"/>
  <system-out/>
  <testcase classname="Amazon.test.SlotGameListTest" name="SlotGameListSingleUpdate" time="23.919"/>
  <system-out/>
  <testcase classname="Amazon.test.SlotGameListTest" name="SlotGameListSingleUpdate" time="33.305"/>
  <system-out/>
  <testcase classname="Amazon.test.SlotGameListTest" name="SlotGameListSingleUpdate" time="20.431"/>
  <system-out/>
  <testcase classname="Amazon.test.SlotGameListTest" name="SlotGameListSingleUpdate" time="27.548"/>
  <system-out/>
  <testcase classname="Amazon.test.SlotGameListTest" name="SlotGameListSingleUpdate" time="30.710"/>
  <system-out/>
  <testcase classname="Amazon.test.SlotGameListTest" name="SlotGameListSingleUpdate" time="35.920"/>
  <system-out/>
  <testcase classname="Amazon.test.SlotGameListTest" name="SlotGameListSingleUpdate" time="31.352"/>
  <system-out/>
  <testcase classname="Amazon.test.SlotGameListTest" name="SlotGameListSingleUpdate" time="31.291"/>
  <system-out/>
  <testcase classname="Amazon.test.SlotGameListTest" name="SlotGameListSingleUpdate" time="31.889"/>
  <system-out/>
  <testcase classname="Amazon.test.SlotGameListTest" name="SlotGameListSingleUpdate" time="35.894"/>
  <system-out/>
  <testcase classname="Amazon.test.SlotGameListTest" name="SlotGameListSingleUpdate" time="34.190"/>
  <system-out/>
  <testcase classname="Amazon.test.SlotGameListTest" name="SlotGameListSingleUpdate" time="24.918"/>
  <system-out/>
  <testcase classname="Amazon.test.SlotGameListTest" name="SlotGameListSingleUpdate" time="22.839"/>
  <system-out/>
  <testcase classname="Amazon.test.SlotGameListTest" name="SlotGameListSingleUpdate" time="29.984"/>
  <system-out/>
  <testcase classname="Amazon.test.SlotGameListTest" name="SlotGameListSingleUpdate" time="37.850"/>
  <system-out/>
  <testcase classname="Amazon.test.SlotGameListTest" name="SlotGameListSingleUpdate" time="23.087"/>
  <system-out/>
  <testcase classname="Amazon.test.SlotGameListTest" name="SlotGameListMultipleUpdate" time="4.309"/>
  <system-out/>
  <testcase classname="Amazon.test.SlotGameListTest" name="SlotGameListMultipleUpdate" time="4.253"/>
  <system-out/>
  <testcase classname="Amazon.test.SlotGameListTest" name="SlotGameListMultipleUpdate" time="4.263"/>
  <system-out/>
  <testcase classname="Amazon.test.SlotGameListTest" name="SlotGameListMultipleUpdate" time="3.880"/>
  <system-out/>
  <testcase classname="Amazon.test.SlotGameListTest" name="SlotGameListMultipleUpdate" time="3.927"/>
  <system-out/>
  <testcase classname="Amazon.test.SlotGameListTest" name="SlotGameListMultipleUpdate" time="4.275"/>
  <system-out/>
  <testcase classname="Amazon.test.SlotGameListTest" name="SlotGameListMultipleUpdate" time="4.181"/>
  <system-out/>
  <testcase classname="Amazon.test.SlotGameListTest" name="SlotGameListMultipleUpdate" time="4.353"/>
  <system-out/>
  <testcase classname="Amazon.test.SlotGameListTest" name="SlotGameListMultipleUpdate" time="10.164"/>
  <system-out/>
  <testcase classname="Amazon.test.SlotGameListTest" name="SlotGameListMultipleUpdate" time="4.171"/>
  <system-out/>
  <testcase classname="Amazon.test.SlotGameListTest" name="SlotGameListMultipleUpdate" time="4.158"/>
  <system-out/>
  <testcase classname="Amazon.test.SlotGameListTest" name="SlotGameListMultipleUpdate" time="11.484"/>
  <system-out/>
  <testcase classname="Amazon.test.SlotGameListTest" name="SlotGameListMultipleUpdate" time="4.180"/>
  <system-out/>
  <testcase classname="Amazon.test.SlotGameListTest" name="SlotGameListMultipleUpdate" time="4.355"/>
  <system-out/>
  <testcase classname="Amazon.test.SlotGameListTest" name="SlotGameListMultipleUpdate" time="3.658"/>
  <system-out/>
  <testcase classname="Amazon.test.SlotGameListTest" name="SlotGameListMultipleUpdate" time="4.375"/>
  <system-out/>
  <testcase classname="Amazon.test.SlotGameListTest" name="SlotGameListMultipleUpdate" time="4.343"/>
  <system-out/>
  <testcase classname="Amazon.test.SlotGameListTest" name="SlotGameListMultipleUpdate" time="4.476"/>
  <system-out/>
  <testcase classname="Amazon.test.SlotGameListTest" name="SlotGameListMultipleUpdate" time="4.570"/>
  <system-out/>
  <testcase classname="Amazon.test.SlotGameListTest" name="SlotGameListMultipleUpdate" time="3.772"/>
  <system-out/>
  <testcase classname="Amazon.test.SlotGameListTest" name="SlotGameListMultipleUpdate" time="4.208"/>
  <system-out/>
  <testcase classname="Amazon.test.SlotGameListTest" name="SlotGameListMultipleUpdate" time="4.123"/>
  <system-out/>
  <testcase classname="Amazon.test.SlotGameListTest" name="SlotGameListMultipleUpdate" time="4.192"/>
  <system-out/>
  <testcase classname="Amazon.test.SlotGameListTest" name="SlotGameListMultipleUpdate" time="4.282"/>
  <system-out/>
  <testcase classname="Amazon.test.SlotGameListTest" name="SlotGameListMultipleUpdate" time="4.668"/>
  <system-out/>
  <testcase classname="Amazon.test.SlotGameListTest" name="SlotGameListMultipleUpdate" time="4.410"/>
  <system-out/>
  <testcase classname="Amazon.test.SlotGameListTest" name="SlotGameListMultipleUpdate" time="3.716"/>
  <system-out/>
  <testcase classname="Amazon.test.SlotGameListTest" name="SlotGameListMultipleUpdate" time="3.886"/>
  <system-out/>
</testsuite> <!-- Amazon.test.SlotGameListTest -->
