<?xml version="1.0" encoding="UTF-8"?>
<!-- Generated by org.testng.reporters.JUnitReportReporter -->
<testsuite hostname="JunWoos-MacBook-Pro.local" failures="0" tests="72" name="Amazon.test.AgentProductTest" time="72.783" errors="0" timestamp="2023-08-10T20:13:43 MYT" skipped="4">
  <testcase classname="Amazon.test.AgentProductTest" name="SectionSetUpParallel" time="0.002">
    <skipped/>
  </testcase> <!-- SectionSetUpParallel -->
  <system-out/>
  <testcase classname="Amazon.test.AgentProductTest" name="ProductSettingGroupUpdate_Parallel" time="0.001">
    <skipped/>
  </testcase> <!-- ProductSettingGroupUpdate_Parallel -->
  <system-out/>
  <testcase classname="Amazon.test.AgentProductTest" name="ProceedToReseller" time="0.001">
    <skipped/>
  </testcase> <!-- ProceedToReseller -->
  <system-out/>
  <testcase classname="Amazon.test.AgentProductTest" name="ProductSettingGroupUpdate_Reseller" time="0.001">
    <skipped/>
  </testcase> <!-- ProductSettingGroupUpdate_Reseller -->
  <system-out/>
  <testcase classname="Amazon.test.AgentProductTest" name="ProceedToOperator" time="4.387"/>
  <system-out/>
  <testcase classname="Amazon.test.AgentProductTest" name="ProductSettingSingleUpdate_Operator" time="1.403"/>
  <system-out/>
  <testcase classname="Amazon.test.AgentProductTest" name="ProductSettingSingleUpdate_Operator" time="1.539"/>
  <system-out/>
  <testcase classname="Amazon.test.AgentProductTest" name="ProductSettingSingleUpdate_Operator" time="1.659"/>
  <system-out/>
  <testcase classname="Amazon.test.AgentProductTest" name="ProductSettingSingleUpdate_Operator" time="2.119"/>
  <system-out/>
  <testcase classname="Amazon.test.AgentProductTest" name="ProductSettingSingleUpdate_Operator" time="1.624"/>
  <system-out/>
  <testcase classname="Amazon.test.AgentProductTest" name="ProductSettingSingleUpdate_Operator" time="1.752"/>
  <system-out/>
  <testcase classname="Amazon.test.AgentProductTest" name="ProductSettingSingleUpdate_Operator" time="1.546"/>
  <system-out/>
  <testcase classname="Amazon.test.AgentProductTest" name="ProductSettingSingleUpdate_Operator" time="1.593"/>
  <system-out/>
  <testcase classname="Amazon.test.AgentProductTest" name="ProductSettingSingleUpdate_Operator" time="1.539"/>
  <system-out/>
  <testcase classname="Amazon.test.AgentProductTest" name="ProductSettingSingleUpdate_Operator" time="1.383"/>
  <system-out/>
  <testcase classname="Amazon.test.AgentProductTest" name="ProductSettingSingleUpdate_Operator" time="1.370"/>
  <system-out/>
  <testcase classname="Amazon.test.AgentProductTest" name="ProductSettingSingleUpdate_Operator" time="1.427"/>
  <system-out/>
  <testcase classname="Amazon.test.AgentProductTest" name="ProductSettingSingleUpdate_Operator" time="1.703"/>
  <system-out/>
  <testcase classname="Amazon.test.AgentProductTest" name="ProductSettingSingleUpdate_Operator" time="1.596"/>
  <system-out/>
  <testcase classname="Amazon.test.AgentProductTest" name="ProductSettingSingleUpdate_Operator" time="5.677"/>
  <system-out/>
  <testcase classname="Amazon.test.AgentProductTest" name="ProductSettingSingleUpdate_Operator" time="1.541"/>
  <system-out/>
  <testcase classname="Amazon.test.AgentProductTest" name="ProductSettingSingleUpdate_Operator" time="1.437"/>
  <system-out/>
  <testcase classname="Amazon.test.AgentProductTest" name="ProductSettingSingleUpdate_Operator" time="1.642"/>
  <system-out/>
  <testcase classname="Amazon.test.AgentProductTest" name="ProductSettingSingleUpdate_Operator" time="1.661"/>
  <system-out/>
  <testcase classname="Amazon.test.AgentProductTest" name="ProductSettingSingleUpdate_Operator" time="1.754"/>
  <system-out/>
  <testcase classname="Amazon.test.AgentProductTest" name="ProductSettingSingleUpdate_Operator" time="1.469"/>
  <system-out/>
  <testcase classname="Amazon.test.AgentProductTest" name="ProductSettingSingleUpdate_Operator" time="1.454"/>
  <system-out/>
  <testcase classname="Amazon.test.AgentProductTest" name="ProductSettingSingleUpdate_Operator" time="1.403"/>
  <system-out/>
  <testcase classname="Amazon.test.AgentProductTest" name="ProductSettingSingleUpdate_Operator" time="1.607"/>
  <system-out/>
  <testcase classname="Amazon.test.AgentProductTest" name="ProductSettingSingleUpdate_Operator" time="1.681"/>
  <system-out/>
  <testcase classname="Amazon.test.AgentProductTest" name="ProductSettingSingleUpdate_Operator" time="1.376"/>
  <system-out/>
  <testcase classname="Amazon.test.AgentProductTest" name="ProductSettingSingleUpdate_Operator" time="1.739"/>
  <system-out/>
  <testcase classname="Amazon.test.AgentProductTest" name="ProductSettingSingleUpdate_Operator" time="1.441"/>
  <system-out/>
  <testcase classname="Amazon.test.AgentProductTest" name="ProductSettingSingleUpdate_Operator" time="1.513"/>
  <system-out/>
  <testcase classname="Amazon.test.AgentProductTest" name="ProductSettingSingleUpdate_Operator" time="1.526"/>
  <system-out/>
  <testcase classname="Amazon.test.AgentProductTest" name="ProductSettingSingleUpdate_Operator" time="1.493"/>
  <system-out/>
  <testcase classname="Amazon.test.AgentProductTest" name="ProductSettingSingleUpdate_Operator" time="1.984"/>
  <system-out/>
  <testcase classname="Amazon.test.AgentProductTest" name="ProductSettingSingleUpdate_Operator" time="1.569"/>
  <system-out/>
  <testcase classname="Amazon.test.AgentProductTest" name="ProductSettingGroupUpdate_Operator" time="5.135"/>
  <system-out/>
  <testcase classname="Amazon.test.AgentProductTest" name="ProductSettingGroupCheck_Operator" time="0.109"/>
  <system-out/>
  <testcase classname="Amazon.test.AgentProductTest" name="ProductSettingGroupCheck_Operator" time="0.202"/>
  <system-out/>
  <testcase classname="Amazon.test.AgentProductTest" name="ProductSettingGroupCheck_Operator" time="0.193"/>
  <system-out/>
  <testcase classname="Amazon.test.AgentProductTest" name="ProductSettingGroupCheck_Operator" time="0.145"/>
  <system-out/>
  <testcase classname="Amazon.test.AgentProductTest" name="ProductSettingGroupCheck_Operator" time="0.162"/>
  <system-out/>
  <testcase classname="Amazon.test.AgentProductTest" name="ProductSettingGroupCheck_Operator" time="0.202"/>
  <system-out/>
  <testcase classname="Amazon.test.AgentProductTest" name="ProductSettingGroupCheck_Operator" time="0.111"/>
  <system-out/>
  <testcase classname="Amazon.test.AgentProductTest" name="ProductSettingGroupCheck_Operator" time="0.184"/>
  <system-out/>
  <testcase classname="Amazon.test.AgentProductTest" name="ProductSettingGroupCheck_Operator" time="0.208"/>
  <system-out/>
  <testcase classname="Amazon.test.AgentProductTest" name="ProductSettingGroupCheck_Operator" time="0.174"/>
  <system-out/>
  <testcase classname="Amazon.test.AgentProductTest" name="ProductSettingGroupCheck_Operator" time="0.139"/>
  <system-out/>
  <testcase classname="Amazon.test.AgentProductTest" name="ProductSettingGroupCheck_Operator" time="0.137"/>
  <system-out/>
  <testcase classname="Amazon.test.AgentProductTest" name="ProductSettingGroupCheck_Operator" time="0.122"/>
  <system-out/>
  <testcase classname="Amazon.test.AgentProductTest" name="ProductSettingGroupCheck_Operator" time="0.694"/>
  <system-out/>
  <testcase classname="Amazon.test.AgentProductTest" name="ProductSettingGroupCheck_Operator" time="0.180"/>
  <system-out/>
  <testcase classname="Amazon.test.AgentProductTest" name="ProductSettingGroupCheck_Operator" time="0.221"/>
  <system-out/>
  <testcase classname="Amazon.test.AgentProductTest" name="ProductSettingGroupCheck_Operator" time="0.177"/>
  <system-out/>
  <testcase classname="Amazon.test.AgentProductTest" name="ProductSettingGroupCheck_Operator" time="0.170"/>
  <system-out/>
  <testcase classname="Amazon.test.AgentProductTest" name="ProductSettingGroupCheck_Operator" time="0.110"/>
  <system-out/>
  <testcase classname="Amazon.test.AgentProductTest" name="ProductSettingGroupCheck_Operator" time="0.157"/>
  <system-out/>
  <testcase classname="Amazon.test.AgentProductTest" name="ProductSettingGroupCheck_Operator" time="0.101"/>
  <system-out/>
  <testcase classname="Amazon.test.AgentProductTest" name="ProductSettingGroupCheck_Operator" time="0.736"/>
  <system-out/>
  <testcase classname="Amazon.test.AgentProductTest" name="ProductSettingGroupCheck_Operator" time="0.271"/>
  <system-out/>
  <testcase classname="Amazon.test.AgentProductTest" name="ProductSettingGroupCheck_Operator" time="0.116"/>
  <system-out/>
  <testcase classname="Amazon.test.AgentProductTest" name="ProductSettingGroupCheck_Operator" time="0.200"/>
  <system-out/>
  <testcase classname="Amazon.test.AgentProductTest" name="ProductSettingGroupCheck_Operator" time="0.240"/>
  <system-out/>
  <testcase classname="Amazon.test.AgentProductTest" name="ProductSettingGroupCheck_Operator" time="0.128"/>
  <system-out/>
  <testcase classname="Amazon.test.AgentProductTest" name="ProductSettingGroupCheck_Operator" time="0.310"/>
  <system-out/>
  <testcase classname="Amazon.test.AgentProductTest" name="ProductSettingGroupCheck_Operator" time="0.276"/>
  <system-out/>
  <testcase classname="Amazon.test.AgentProductTest" name="ProductSettingGroupCheck_Operator" time="0.131"/>
  <system-out/>
  <testcase classname="Amazon.test.AgentProductTest" name="ProductSettingGroupCheck_Operator" time="0.347"/>
  <system-out/>
  <testcase classname="Amazon.test.AgentProductTest" name="ProductSettingGroupCheck_Operator" time="0.226"/>
  <system-out/>
  <testcase classname="Amazon.test.AgentProductTest" name="ProductSettingGroupCheck_Operator" time="0.157"/>
  <system-out/>
</testsuite> <!-- Amazon.test.AgentProductTest -->
