<?xml version="1.0" encoding="UTF-8"?>
<!-- Generated by org.testng.reporters.JUnitReportReporter -->
<testsuite hostname="JunWoos-MacBook-Pro.local" failures="0" tests="54" name="Amazon.test.AgentProductTest" time="400.808" errors="0" timestamp="2023-12-24T21:44:26 MYT" skipped="7">
  <testcase classname="Amazon.test.AgentProductTest" name="SectionSetUpParallel" time="0.003">
    <skipped/>
  </testcase> <!-- SectionSetUpParallel -->
  <system-out/>
  <testcase classname="Amazon.test.AgentProductTest" name="ProductSettingGroupUpdate_Parallel" time="0.000">
    <skipped/>
  </testcase> <!-- ProductSettingGroupUpdate_Parallel -->
  <system-out/>
  <testcase classname="Amazon.test.AgentProductTest" name="ProceedToReseller" time="0.000">
    <skipped/>
  </testcase> <!-- ProceedToReseller -->
  <system-out/>
  <testcase classname="Amazon.test.AgentProductTest" name="ProductSettingGroupUpdate_Reseller" time="0.001">
    <skipped/>
  </testcase> <!-- ProductSettingGroupUpdate_Reseller -->
  <system-out/>
  <testcase classname="Amazon.test.AgentProductTest" name="ProceedToOperator" time="27.266"/>
  <system-out/>
  <testcase classname="Amazon.test.AgentProductTest" name="ProductSettingSingleUpdate_Operator" time="22.120"/>
  <system-out/>
  <testcase classname="Amazon.test.AgentProductTest" name="ProductSettingSingleUpdate_Operator" time="6.251"/>
  <system-out/>
  <testcase classname="Amazon.test.AgentProductTest" name="ProductSettingSingleUpdate_Operator" time="11.967"/>
  <system-out/>
  <testcase classname="Amazon.test.AgentProductTest" name="ProductSettingSingleUpdate_Operator" time="3.011"/>
  <system-out/>
  <testcase classname="Amazon.test.AgentProductTest" name="ProductSettingSingleUpdate_Operator" time="3.247"/>
  <system-out/>
  <testcase classname="Amazon.test.AgentProductTest" name="ProductSettingSingleUpdate_Operator" time="5.091"/>
  <system-out/>
  <testcase classname="Amazon.test.AgentProductTest" name="ProductSettingSingleUpdate_Operator" time="2.875"/>
  <system-out/>
  <testcase classname="Amazon.test.AgentProductTest" name="ProductSettingSingleUpdate_Operator" time="16.799"/>
  <system-out/>
  <testcase classname="Amazon.test.AgentProductTest" name="ProductSettingSingleUpdate_Operator" time="2.926"/>
  <system-out/>
  <testcase classname="Amazon.test.AgentProductTest" name="ProductSettingSingleUpdate_Operator" time="6.376"/>
  <system-out/>
  <testcase classname="Amazon.test.AgentProductTest" name="ProductSettingSingleUpdate_Operator" time="3.380"/>
  <system-out/>
  <testcase classname="Amazon.test.AgentProductTest" name="ProductSettingSingleUpdate_Operator" time="6.948"/>
  <system-out/>
  <testcase classname="Amazon.test.AgentProductTest" name="ProductSettingSingleUpdate_Operator" time="2.966"/>
  <system-out/>
  <testcase classname="Amazon.test.AgentProductTest" name="ProductSettingSingleUpdate_Operator" time="2.939"/>
  <system-out/>
  <testcase classname="Amazon.test.AgentProductTest" name="ProductSettingSingleUpdate_Operator" time="2.488"/>
  <system-out/>
  <testcase classname="Amazon.test.AgentProductTest" name="ProductSettingSingleUpdate_Operator" time="10.362"/>
  <system-out/>
  <testcase classname="Amazon.test.AgentProductTest" name="ProductSettingSingleUpdate_Operator" time="2.617"/>
  <system-out/>
  <testcase classname="Amazon.test.AgentProductTest" name="ProductSettingSingleUpdate_Operator" time="8.507"/>
  <system-out/>
  <testcase classname="Amazon.test.AgentProductTest" name="ProductSettingSingleUpdate_Operator" time="2.859"/>
  <system-out/>
  <testcase classname="Amazon.test.AgentProductTest" name="ProductSettingSingleUpdate_Operator" time="19.758"/>
  <system-out/>
  <testcase classname="Amazon.test.AgentProductTest" name="ProductSettingSingleUpdate_Operator" time="12.839"/>
  <system-out/>
  <testcase classname="Amazon.test.AgentProductTest" name="ProductSettingSingleUpdate_Operator" time="11.076"/>
  <system-out/>
  <testcase classname="Amazon.test.AgentProductTest" name="ProductSettingSingleUpdate_Operator" time="11.141"/>
  <system-out/>
  <testcase classname="Amazon.test.AgentProductTest" name="ProductSettingSingleUpdate_Operator" time="16.653"/>
  <system-out/>
  <testcase classname="Amazon.test.AgentProductTest" name="ProductSettingSingleUpdate_Operator" time="6.534"/>
  <system-out/>
  <testcase classname="Amazon.test.AgentProductTest" name="ProductSettingSingleUpdate_Operator" time="6.898"/>
  <system-out/>
  <testcase classname="Amazon.test.AgentProductTest" name="ProductSettingSingleUpdate_Operator" time="2.748"/>
  <system-out/>
  <testcase classname="Amazon.test.AgentProductTest" name="ProductSettingSingleUpdate_Operator" time="14.644"/>
  <system-out/>
  <testcase classname="Amazon.test.AgentProductTest" name="ProductSettingSingleUpdate_Operator" time="2.596"/>
  <system-out/>
  <testcase classname="Amazon.test.AgentProductTest" name="ProductSettingSingleUpdate_Operator" time="3.095"/>
  <system-out/>
  <testcase classname="Amazon.test.AgentProductTest" name="ProductSettingSingleUpdate_Operator" time="3.222"/>
  <system-out/>
  <testcase classname="Amazon.test.AgentProductTest" name="ProductSettingSingleUpdate_Operator" time="7.422"/>
  <system-out/>
  <testcase classname="Amazon.test.AgentProductTest" name="ProductSettingSingleUpdate_Operator" time="10.834"/>
  <system-out/>
  <testcase classname="Amazon.test.AgentProductTest" name="ProductSettingSingleUpdate_Operator" time="2.664"/>
  <system-out/>
  <testcase classname="Amazon.test.AgentProductTest" name="ProductSettingSingleUpdate_Operator" time="16.142"/>
  <system-out/>
  <testcase classname="Amazon.test.AgentProductTest" name="ProductSettingSingleUpdate_Operator" time="2.751"/>
  <system-out/>
  <testcase classname="Amazon.test.AgentProductTest" name="ProductSettingSingleUpdate_Operator" time="11.760"/>
  <system-out/>
  <testcase classname="Amazon.test.AgentProductTest" name="ProductSettingSingleUpdate_Operator" time="7.330"/>
  <system-out/>
  <testcase classname="Amazon.test.AgentProductTest" name="ProductSettingSingleUpdate_Operator" time="12.046"/>
  <system-out/>
  <testcase classname="Amazon.test.AgentProductTest" name="ProductSettingSingleUpdate_Operator" time="2.678"/>
  <system-out/>
  <testcase classname="Amazon.test.AgentProductTest" name="ProductSettingSingleUpdate_Operator" time="15.896"/>
  <system-out/>
  <testcase classname="Amazon.test.AgentProductTest" name="ProductSettingSingleUpdate_Operator" time="2.552"/>
  <system-out/>
  <testcase classname="Amazon.test.AgentProductTest" name="ProductSettingSingleUpdate_Operator" time="6.749"/>
  <system-out/>
  <testcase classname="Amazon.test.AgentProductTest" name="ProductSettingSingleUpdate_Operator" time="2.692"/>
  <system-out/>
  <testcase classname="Amazon.test.AgentProductTest" name="ProductSettingSingleUpdate_Operator" time="7.117"/>
  <system-out/>
  <testcase classname="Amazon.test.AgentProductTest" name="ProductSettingGroupUpdate_Operator" time="29.972"/>
  <system-out/>
  <testcase classname="Amazon.test.AgentProductTest" name="ProductSettingGroupCheck_Reseller">
    <skipped/>
  </testcase> <!-- ProductSettingGroupCheck_Reseller -->
  <system-out/>
  <testcase classname="Amazon.test.AgentProductTest" name="ProductSettingGroupCheck_Parallel">
    <skipped/>
  </testcase> <!-- ProductSettingGroupCheck_Parallel -->
  <system-out/>
  <testcase classname="Amazon.test.AgentProductTest" name="ProductSettingGroupCheck_Operator">
    <skipped/>
  </testcase> <!-- ProductSettingGroupCheck_Operator -->
  <system-out/>
</testsuite> <!-- Amazon.test.AgentProductTest -->
